[debug] [2024-09-02T18:55:27.724Z] ----------------------------------------------------------------------
[debug] [2024-09-02T18:55:27.726Z] Command:       /usr/local/nvm/versions/node/v20.17.0/bin/node /usr/local/node_packages/node_modules/.bin/firebase apphosting:backends:create --project martinglopez-app-hosting --location us-central1
[debug] [2024-09-02T18:55:27.727Z] CLI Version:   13.13.3
[debug] [2024-09-02T18:55:27.727Z] Platform:      linux
[debug] [2024-09-02T18:55:27.727Z] Node Version:  v20.17.0
[debug] [2024-09-02T18:55:27.727Z] Time:          Mon Sep 02 2024 18:55:27 GMT+0000 (Coordinated Universal Time)
[debug] [2024-09-02T18:55:27.728Z] ----------------------------------------------------------------------
[debug] 
[debug] [2024-09-02T18:55:27.731Z] >>> [apiv2][query] GET https://firebase-public.firebaseio.com/cli.json [none]
[debug] [2024-09-02T18:55:27.787Z] > refreshing access token with scopes: []
[debug] [2024-09-02T18:55:27.789Z] >>> [apiv2][query] POST https://www.googleapis.com/oauth2/v3/token [none]
[debug] [2024-09-02T18:55:27.789Z] >>> [apiv2][body] POST https://www.googleapis.com/oauth2/v3/token [omitted]
[debug] [2024-09-02T18:55:27.827Z] <<< [apiv2][status] GET https://firebase-public.firebaseio.com/cli.json 200
[debug] [2024-09-02T18:55:27.827Z] <<< [apiv2][body] GET https://firebase-public.firebaseio.com/cli.json {"cloudBuildErrorAfter":1594252800000,"cloudBuildWarnAfter":1590019200000,"defaultNode10After":1594252800000,"minVersion":"3.0.5","node8DeploysDisabledAfter":1613390400000,"node8RuntimeDisabledAfter":1615809600000,"node8WarnAfter":1600128000000}
[debug] [2024-09-02T18:55:27.870Z] <<< [apiv2][status] POST https://www.googleapis.com/oauth2/v3/token 200
[debug] [2024-09-02T18:55:27.871Z] <<< [apiv2][body] POST https://www.googleapis.com/oauth2/v3/token [omitted]
[debug] [2024-09-02T18:55:27.884Z] >>> [apiv2][query] GET https://serviceusage.googleapis.com/v1/projects/martinglopez-app-hosting/services/firebaseapphosting.googleapis.com [none]
[debug] [2024-09-02T18:55:27.884Z] >>> [apiv2][(partial)header] GET https://serviceusage.googleapis.com/v1/projects/martinglopez-app-hosting/services/firebaseapphosting.googleapis.com x-goog-quota-user=projects/martinglopez-app-hosting
[debug] [2024-09-02T18:55:28.348Z] <<< [apiv2][status] GET https://serviceusage.googleapis.com/v1/projects/martinglopez-app-hosting/services/firebaseapphosting.googleapis.com 200
[debug] [2024-09-02T18:55:28.349Z] <<< [apiv2][body] GET https://serviceusage.googleapis.com/v1/projects/martinglopez-app-hosting/services/firebaseapphosting.googleapis.com [omitted]
[debug] [2024-09-02T18:55:28.350Z] >>> [apiv2][query] POST https://serviceusage.googleapis.com/v1/projects/martinglopez-app-hosting/services/firebaseapphosting.googleapis.com:enable [none]
[debug] [2024-09-02T18:55:28.350Z] >>> [apiv2][(partial)header] POST https://serviceusage.googleapis.com/v1/projects/martinglopez-app-hosting/services/firebaseapphosting.googleapis.com:enable x-goog-quota-user=projects/martinglopez-app-hosting
[debug] [2024-09-02T18:55:28.758Z] <<< [apiv2][status] POST https://serviceusage.googleapis.com/v1/projects/martinglopez-app-hosting/services/firebaseapphosting.googleapis.com:enable 200
[debug] [2024-09-02T18:55:28.758Z] <<< [apiv2][body] POST https://serviceusage.googleapis.com/v1/projects/martinglopez-app-hosting/services/firebaseapphosting.googleapis.com:enable [omitted]
[debug] [2024-09-02T18:55:38.762Z] >>> [apiv2][query] GET https://serviceusage.googleapis.com/v1/projects/martinglopez-app-hosting/services/firebaseapphosting.googleapis.com [none]
[debug] [2024-09-02T18:55:38.762Z] >>> [apiv2][(partial)header] GET https://serviceusage.googleapis.com/v1/projects/martinglopez-app-hosting/services/firebaseapphosting.googleapis.com x-goog-quota-user=projects/martinglopez-app-hosting
[debug] [2024-09-02T18:55:38.931Z] <<< [apiv2][status] GET https://serviceusage.googleapis.com/v1/projects/martinglopez-app-hosting/services/firebaseapphosting.googleapis.com 200
[debug] [2024-09-02T18:55:38.931Z] <<< [apiv2][body] GET https://serviceusage.googleapis.com/v1/projects/martinglopez-app-hosting/services/firebaseapphosting.googleapis.com [omitted]
[debug] [2024-09-02T18:55:38.934Z] >>> [apiv2][query] GET https://mobilesdk-pa.googleapis.com/v1/accessmanagement/tos:getStatus [none]
[debug] [2024-09-02T18:55:39.029Z] <<< [apiv2][status] GET https://mobilesdk-pa.googleapis.com/v1/accessmanagement/tos:getStatus 200
[debug] [2024-09-02T18:55:39.030Z] <<< [apiv2][body] GET https://mobilesdk-pa.googleapis.com/v1/accessmanagement/tos:getStatus {"overallStatus":"ACCEPTED","uTosStatus":{"tos":{"id":"firebase","tosId":"FIREBASE_UNIVERSAL"},"status":"ACCEPTED"},"childTosStatus":[{"tos":{"id":"cloud","tosId":"CLOUD_PLATFORM"},"status":"ACCEPTED"},{"tos":{"id":"firebase_b2b","tosId":"FIREBASE_B2B"},"status":"ACCEPTED"},{"tos":{"id":"universal","tosId":"GOOGLE_APIS"},"status":"ACCEPTED"}],"termsUrl":"https://firebase.google.com/terms","perServiceStatus":[{"tosId":"APP_CHECK","serviceStatus":{"tos":{"id":"app_check","tosId":"APP_CHECK"},"status":"ACCEPTED"}},{"tosId":"APP_HOSTING_TOS","serviceStatus":{"tos":{"id":"app_hosting","tosId":"APP_HOSTING_TOS"},"status":"ACCEPTED"}},{"tosId":"APP_HOSTING_TOS","serviceStatus":{"tos":{"id":"app_hosting","tosId":"APP_HOSTING_TOS"},"status":"ACCEPTED"}},{"tosId":"CORE_APPS","serviceStatus":{"tos":{"id":"core_apps","tosId":"CORE_APPS"},"status":"ACCEPTED"}},{"tosId":"FIREBASE_CRASHLYTICS_APP_DISTRIBUTION","serviceStatus":{"tos":{"id":"firebase_crashlytics_app_distribution","tosId":"FIREBASE_CRASHLYTICS_APP_DISTRIBUTION"},"status":"ACCEPTED"}},{"tosId":"GENERATIVE_LANGUAGE","serviceStatus":{"tos":{"id":"generative-language-api","tosId":"GENERATIVE_LANGUAGE"},"status":"NEVER_ACCEPTED"}},{"tosId":"FIREBASE_DATA_CONNECT","serviceStatus":{"tos":{"id":"data_connect","tosId":"FIREBASE_DATA_CONNECT"},"status":"ACCEPTED"}}]}
[debug] [2024-09-02T18:55:39.031Z] >>> [apiv2][query] GET https://serviceusage.googleapis.com/v1/projects/martinglopez-app-hosting/services/developerconnect.googleapis.com [none]
[debug] [2024-09-02T18:55:39.031Z] >>> [apiv2][(partial)header] GET https://serviceusage.googleapis.com/v1/projects/martinglopez-app-hosting/services/developerconnect.googleapis.com x-goog-quota-user=projects/martinglopez-app-hosting
[debug] [2024-09-02T18:55:39.032Z] >>> [apiv2][query] GET https://serviceusage.googleapis.com/v1/projects/martinglopez-app-hosting/services/cloudbuild.googleapis.com [none]
[debug] [2024-09-02T18:55:39.032Z] >>> [apiv2][(partial)header] GET https://serviceusage.googleapis.com/v1/projects/martinglopez-app-hosting/services/cloudbuild.googleapis.com x-goog-quota-user=projects/martinglopez-app-hosting
[debug] [2024-09-02T18:55:39.034Z] >>> [apiv2][query] GET https://serviceusage.googleapis.com/v1/projects/martinglopez-app-hosting/services/secretmanager.googleapis.com [none]
[debug] [2024-09-02T18:55:39.034Z] >>> [apiv2][(partial)header] GET https://serviceusage.googleapis.com/v1/projects/martinglopez-app-hosting/services/secretmanager.googleapis.com x-goog-quota-user=projects/martinglopez-app-hosting
[debug] [2024-09-02T18:55:39.036Z] >>> [apiv2][query] GET https://serviceusage.googleapis.com/v1/projects/martinglopez-app-hosting/services/run.googleapis.com [none]
[debug] [2024-09-02T18:55:39.036Z] >>> [apiv2][(partial)header] GET https://serviceusage.googleapis.com/v1/projects/martinglopez-app-hosting/services/run.googleapis.com x-goog-quota-user=projects/martinglopez-app-hosting
[debug] [2024-09-02T18:55:39.037Z] >>> [apiv2][query] GET https://serviceusage.googleapis.com/v1/projects/martinglopez-app-hosting/services/artifactregistry.googleapis.com [none]
[debug] [2024-09-02T18:55:39.037Z] >>> [apiv2][(partial)header] GET https://serviceusage.googleapis.com/v1/projects/martinglopez-app-hosting/services/artifactregistry.googleapis.com x-goog-quota-user=projects/martinglopez-app-hosting
[debug] [2024-09-02T18:55:39.039Z] >>> [apiv2][query] GET https://serviceusage.googleapis.com/v1/projects/martinglopez-app-hosting/services/iam.googleapis.com [none]
[debug] [2024-09-02T18:55:39.039Z] >>> [apiv2][(partial)header] GET https://serviceusage.googleapis.com/v1/projects/martinglopez-app-hosting/services/iam.googleapis.com x-goog-quota-user=projects/martinglopez-app-hosting
[debug] [2024-09-02T18:55:39.406Z] <<< [apiv2][status] GET https://serviceusage.googleapis.com/v1/projects/martinglopez-app-hosting/services/developerconnect.googleapis.com 200
[debug] [2024-09-02T18:55:39.406Z] <<< [apiv2][body] GET https://serviceusage.googleapis.com/v1/projects/martinglopez-app-hosting/services/developerconnect.googleapis.com [omitted]
[debug] [2024-09-02T18:55:39.407Z] >>> [apiv2][query] POST https://serviceusage.googleapis.com/v1/projects/martinglopez-app-hosting/services/developerconnect.googleapis.com:enable [none]
[debug] [2024-09-02T18:55:39.407Z] >>> [apiv2][(partial)header] POST https://serviceusage.googleapis.com/v1/projects/martinglopez-app-hosting/services/developerconnect.googleapis.com:enable x-goog-quota-user=projects/martinglopez-app-hosting
[debug] [2024-09-02T18:55:39.412Z] <<< [apiv2][status] GET https://serviceusage.googleapis.com/v1/projects/martinglopez-app-hosting/services/secretmanager.googleapis.com 200
[debug] [2024-09-02T18:55:39.412Z] <<< [apiv2][body] GET https://serviceusage.googleapis.com/v1/projects/martinglopez-app-hosting/services/secretmanager.googleapis.com [omitted]
[debug] [2024-09-02T18:55:39.413Z] <<< [apiv2][status] GET https://serviceusage.googleapis.com/v1/projects/martinglopez-app-hosting/services/iam.googleapis.com 200
[debug] [2024-09-02T18:55:39.413Z] <<< [apiv2][body] GET https://serviceusage.googleapis.com/v1/projects/martinglopez-app-hosting/services/iam.googleapis.com [omitted]
[debug] [2024-09-02T18:55:39.417Z] <<< [apiv2][status] GET https://serviceusage.googleapis.com/v1/projects/martinglopez-app-hosting/services/run.googleapis.com 200
[debug] [2024-09-02T18:55:39.417Z] <<< [apiv2][body] GET https://serviceusage.googleapis.com/v1/projects/martinglopez-app-hosting/services/run.googleapis.com [omitted]
[debug] [2024-09-02T18:55:39.421Z] <<< [apiv2][status] GET https://serviceusage.googleapis.com/v1/projects/martinglopez-app-hosting/services/artifactregistry.googleapis.com 200
[debug] [2024-09-02T18:55:39.422Z] <<< [apiv2][body] GET https://serviceusage.googleapis.com/v1/projects/martinglopez-app-hosting/services/artifactregistry.googleapis.com [omitted]
[debug] [2024-09-02T18:55:39.423Z] <<< [apiv2][status] GET https://serviceusage.googleapis.com/v1/projects/martinglopez-app-hosting/services/cloudbuild.googleapis.com 200
[debug] [2024-09-02T18:55:39.423Z] <<< [apiv2][body] GET https://serviceusage.googleapis.com/v1/projects/martinglopez-app-hosting/services/cloudbuild.googleapis.com [omitted]
[debug] [2024-09-02T18:55:39.712Z] <<< [apiv2][status] POST https://serviceusage.googleapis.com/v1/projects/martinglopez-app-hosting/services/developerconnect.googleapis.com:enable 200
[debug] [2024-09-02T18:55:39.712Z] <<< [apiv2][body] POST https://serviceusage.googleapis.com/v1/projects/martinglopez-app-hosting/services/developerconnect.googleapis.com:enable [omitted]
[debug] [2024-09-02T18:55:49.718Z] >>> [apiv2][query] GET https://serviceusage.googleapis.com/v1/projects/martinglopez-app-hosting/services/developerconnect.googleapis.com [none]
[debug] [2024-09-02T18:55:49.719Z] >>> [apiv2][(partial)header] GET https://serviceusage.googleapis.com/v1/projects/martinglopez-app-hosting/services/developerconnect.googleapis.com x-goog-quota-user=projects/martinglopez-app-hosting
[debug] [2024-09-02T18:55:49.870Z] <<< [apiv2][status] GET https://serviceusage.googleapis.com/v1/projects/martinglopez-app-hosting/services/developerconnect.googleapis.com 200
[debug] [2024-09-02T18:55:49.870Z] <<< [apiv2][body] GET https://serviceusage.googleapis.com/v1/projects/martinglopez-app-hosting/services/developerconnect.googleapis.com [omitted]
[debug] [2024-09-02T18:55:49.873Z] >>> [apiv2][query] POST https://iam.googleapis.com/v1/projects/martinglopez-app-hosting/serviceAccounts/firebase-app-hosting-compute@martinglopez-app-hosting.iam.gserviceaccount.com:testIamPermissions [none]
[debug] [2024-09-02T18:55:49.873Z] >>> [apiv2][(partial)header] POST https://iam.googleapis.com/v1/projects/martinglopez-app-hosting/serviceAccounts/firebase-app-hosting-compute@martinglopez-app-hosting.iam.gserviceaccount.com:testIamPermissions x-goog-quota-user=projects/martinglopez-app-hosting
[debug] [2024-09-02T18:55:49.873Z] >>> [apiv2][body] POST https://iam.googleapis.com/v1/projects/martinglopez-app-hosting/serviceAccounts/firebase-app-hosting-compute@martinglopez-app-hosting.iam.gserviceaccount.com:testIamPermissions {"permissions":["iam.serviceAccounts.actAs"]}
[debug] [2024-09-02T18:55:50.078Z] <<< [apiv2][status] POST https://iam.googleapis.com/v1/projects/martinglopez-app-hosting/serviceAccounts/firebase-app-hosting-compute@martinglopez-app-hosting.iam.gserviceaccount.com:testIamPermissions 404
[debug] [2024-09-02T18:55:50.078Z] <<< [apiv2][body] POST https://iam.googleapis.com/v1/projects/martinglopez-app-hosting/serviceAccounts/firebase-app-hosting-compute@martinglopez-app-hosting.iam.gserviceaccount.com:testIamPermissions {"error":{"code":404,"message":"Unknown service account","status":"NOT_FOUND"}}
[debug] [2024-09-02T18:55:50.080Z] >>> [apiv2][query] POST https://iam.googleapis.com/v1/projects/martinglopez-app-hosting/serviceAccounts [none]
[debug] [2024-09-02T18:55:50.080Z] >>> [apiv2][body] POST https://iam.googleapis.com/v1/projects/martinglopez-app-hosting/serviceAccounts {"accountId":"firebase-app-hosting-compute","serviceAccount":{"displayName":"Firebase App Hosting compute service account","description":"Default service account used to run builds and deploys for Firebase App Hosting"}}
[debug] [2024-09-02T18:55:50.462Z] <<< [apiv2][status] POST https://iam.googleapis.com/v1/projects/martinglopez-app-hosting/serviceAccounts 200
[debug] [2024-09-02T18:55:50.462Z] <<< [apiv2][body] POST https://iam.googleapis.com/v1/projects/martinglopez-app-hosting/serviceAccounts [omitted]
[debug] [2024-09-02T18:55:50.463Z] >>> [apiv2][query] POST https://cloudresourcemanager.googleapis.com/v1/projects/martinglopez-app-hosting:getIamPolicy [none]
[debug] [2024-09-02T18:55:50.616Z] <<< [apiv2][status] POST https://cloudresourcemanager.googleapis.com/v1/projects/martinglopez-app-hosting:getIamPolicy 200
[debug] [2024-09-02T18:55:50.617Z] <<< [apiv2][body] POST https://cloudresourcemanager.googleapis.com/v1/projects/martinglopez-app-hosting:getIamPolicy {"version":1,"etag":"BwYhJ3xN9t0=","bindings":[{"role":"roles/cloudbuild.builds.builder","members":["serviceAccount:921045023972@cloudbuild.gserviceaccount.com"]},{"role":"roles/cloudbuild.serviceAgent","members":["serviceAccount:service-921045023972@gcp-sa-cloudbuild.iam.gserviceaccount.com"]},{"role":"roles/containerregistry.ServiceAgent","members":["serviceAccount:service-921045023972@containerregistry.iam.gserviceaccount.com"]},{"role":"roles/editor","members":["serviceAccount:921045023972-compute@developer.gserviceaccount.com"]},{"role":"roles/firebase.managementServiceAgent","members":["serviceAccount:firebase-service-account@firebase-sa-management.iam.gserviceaccount.com","serviceAccount:service-921045023972@gcp-sa-firebase.iam.gserviceaccount.com"]},{"role":"roles/firebase.sdkAdminServiceAgent","members":["serviceAccount:firebase-adminsdk-ffzfu@martinglopez-app-hosting.iam.gserviceaccount.com"]},{"role":"roles/iam.serviceAccountTokenCreator","members":["serviceAccount:firebase-adminsdk-ffzfu@martinglopez-app-hosting.iam.gserviceaccount.com"]},{"role":"roles/owner","members":["user:martinglopez@google.com"]},{"role":"roles/run.serviceAgent","members":["serviceAccount:service-921045023972@serverless-robot-prod.iam.gserviceaccount.com"]},{"role":"roles/websecurityscanner.serviceAgent","members":["serviceAccount:service-921045023972@gcp-sa-websecurityscanner.iam.gserviceaccount.com"]}]}
[debug] [2024-09-02T18:55:50.617Z] >>> [apiv2][query] POST https://cloudresourcemanager.googleapis.com/v1/projects/martinglopez-app-hosting:setIamPolicy [none]
[debug] [2024-09-02T18:55:50.617Z] >>> [apiv2][body] POST https://cloudresourcemanager.googleapis.com/v1/projects/martinglopez-app-hosting:setIamPolicy {"policy":{"version":1,"etag":"BwYhJ3xN9t0=","bindings":[{"role":"roles/cloudbuild.builds.builder","members":["serviceAccount:921045023972@cloudbuild.gserviceaccount.com"]},{"role":"roles/cloudbuild.serviceAgent","members":["serviceAccount:service-921045023972@gcp-sa-cloudbuild.iam.gserviceaccount.com"]},{"role":"roles/containerregistry.ServiceAgent","members":["serviceAccount:service-921045023972@containerregistry.iam.gserviceaccount.com"]},{"role":"roles/editor","members":["serviceAccount:921045023972-compute@developer.gserviceaccount.com"]},{"role":"roles/firebase.managementServiceAgent","members":["serviceAccount:firebase-service-account@firebase-sa-management.iam.gserviceaccount.com","serviceAccount:service-921045023972@gcp-sa-firebase.iam.gserviceaccount.com"]},{"role":"roles/firebase.sdkAdminServiceAgent","members":["serviceAccount:firebase-adminsdk-ffzfu@martinglopez-app-hosting.iam.gserviceaccount.com","serviceAccount:firebase-app-hosting-compute@martinglopez-app-hosting.iam.gserviceaccount.com"]},{"role":"roles/iam.serviceAccountTokenCreator","members":["serviceAccount:firebase-adminsdk-ffzfu@martinglopez-app-hosting.iam.gserviceaccount.com"]},{"role":"roles/owner","members":["user:martinglopez@google.com"]},{"role":"roles/run.serviceAgent","members":["serviceAccount:service-921045023972@serverless-robot-prod.iam.gserviceaccount.com"]},{"role":"roles/websecurityscanner.serviceAgent","members":["serviceAccount:service-921045023972@gcp-sa-websecurityscanner.iam.gserviceaccount.com"]},{"role":"roles/firebaseapphosting.computeRunner","members":["serviceAccount:firebase-app-hosting-compute@martinglopez-app-hosting.iam.gserviceaccount.com"]},{"role":"roles/developerconnect.readTokenAccessor","members":["serviceAccount:firebase-app-hosting-compute@martinglopez-app-hosting.iam.gserviceaccount.com"]}]},"updateMask":"bindings"}
[debug] [2024-09-02T18:55:50.977Z] <<< [apiv2][status] POST https://cloudresourcemanager.googleapis.com/v1/projects/martinglopez-app-hosting:setIamPolicy 200
[debug] [2024-09-02T18:55:50.977Z] <<< [apiv2][body] POST https://cloudresourcemanager.googleapis.com/v1/projects/martinglopez-app-hosting:setIamPolicy {"version":1,"etag":"BwYhJ31dIas=","bindings":[{"role":"roles/cloudbuild.builds.builder","members":["serviceAccount:921045023972@cloudbuild.gserviceaccount.com"]},{"role":"roles/cloudbuild.serviceAgent","members":["serviceAccount:service-921045023972@gcp-sa-cloudbuild.iam.gserviceaccount.com"]},{"role":"roles/containerregistry.ServiceAgent","members":["serviceAccount:service-921045023972@containerregistry.iam.gserviceaccount.com"]},{"role":"roles/developerconnect.readTokenAccessor","members":["serviceAccount:firebase-app-hosting-compute@martinglopez-app-hosting.iam.gserviceaccount.com"]},{"role":"roles/editor","members":["serviceAccount:921045023972-compute@developer.gserviceaccount.com"]},{"role":"roles/firebase.managementServiceAgent","members":["serviceAccount:firebase-service-account@firebase-sa-management.iam.gserviceaccount.com","serviceAccount:service-921045023972@gcp-sa-firebase.iam.gserviceaccount.com"]},{"role":"roles/firebase.sdkAdminServiceAgent","members":["serviceAccount:firebase-adminsdk-ffzfu@martinglopez-app-hosting.iam.gserviceaccount.com","serviceAccount:firebase-app-hosting-compute@martinglopez-app-hosting.iam.gserviceaccount.com"]},{"role":"roles/firebaseapphosting.computeRunner","members":["serviceAccount:firebase-app-hosting-compute@martinglopez-app-hosting.iam.gserviceaccount.com"]},{"role":"roles/iam.serviceAccountTokenCreator","members":["serviceAccount:firebase-adminsdk-ffzfu@martinglopez-app-hosting.iam.gserviceaccount.com"]},{"role":"roles/owner","members":["user:martinglopez@google.com"]},{"role":"roles/run.serviceAgent","members":["serviceAccount:service-921045023972@serverless-robot-prod.iam.gserviceaccount.com"]},{"role":"roles/websecurityscanner.serviceAgent","members":["serviceAccount:service-921045023972@gcp-sa-websecurityscanner.iam.gserviceaccount.com"]}]}
[debug] [2024-09-02T18:55:50.978Z] >>> [apiv2][query] GET https://firebaseapphosting.googleapis.com/v1alpha/projects/martinglopez-app-hosting/locations 
[debug] [2024-09-02T18:55:51.115Z] <<< [apiv2][status] GET https://firebaseapphosting.googleapis.com/v1alpha/projects/martinglopez-app-hosting/locations 200
[debug] [2024-09-02T18:55:51.115Z] <<< [apiv2][body] GET https://firebaseapphosting.googleapis.com/v1alpha/projects/martinglopez-app-hosting/locations {"locations":[{"name":"projects/martinglopez-app-hosting/locations/us-central1","locationId":"us-central1","displayName":"Iowa"}]}
[info] i  === Import a GitHub repository 
[debug] [2024-09-02T18:55:51.117Z] >>> [apiv2][query] GET https://developerconnect.googleapis.com/v1/projects/martinglopez-app-hosting/locations/us-central1/connections/firebase-app-hosting-github-oauth [none]
[debug] [2024-09-02T18:55:51.219Z] <<< [apiv2][status] GET https://developerconnect.googleapis.com/v1/projects/martinglopez-app-hosting/locations/us-central1/connections/firebase-app-hosting-github-oauth 404
[debug] [2024-09-02T18:55:51.219Z] <<< [apiv2][body] GET https://developerconnect.googleapis.com/v1/projects/martinglopez-app-hosting/locations/us-central1/connections/firebase-app-hosting-github-oauth {"error":{"code":404,"message":"Resource 'projects/martinglopez-app-hosting/locations/us-central1/connections/firebase-app-hosting-github-oauth' was not found","status":"NOT_FOUND","details":[{"@type":"type.googleapis.com/google.rpc.ResourceInfo","resourceName":"projects/martinglopez-app-hosting/locations/us-central1/connections/firebase-app-hosting-github-oauth"}]}}
[debug] [2024-09-02T18:55:51.220Z] >>> [apiv2][query] GET https://firebase.googleapis.com/v1beta1/projects/martinglopez-app-hosting [none]
[debug] [2024-09-02T18:55:51.339Z] <<< [apiv2][status] GET https://firebase.googleapis.com/v1beta1/projects/martinglopez-app-hosting 200
[debug] [2024-09-02T18:55:51.339Z] <<< [apiv2][body] GET https://firebase.googleapis.com/v1beta1/projects/martinglopez-app-hosting {"projectId":"martinglopez-app-hosting","projectNumber":"921045023972","displayName":"martinglopez app hosting","name":"projects/martinglopez-app-hosting","resources":{"hostingSite":"martinglopez-app-hosting"},"state":"ACTIVE","etag":"1_b77ec020-1902-4e77-883a-88fd2419e0c0"}
[debug] [2024-09-02T18:55:51.340Z] >>> [apiv2][query] POST https://cloudresourcemanager.googleapis.com/v1/projects/martinglopez-app-hosting:getIamPolicy [none]
[debug] [2024-09-02T18:55:51.523Z] <<< [apiv2][status] POST https://cloudresourcemanager.googleapis.com/v1/projects/martinglopez-app-hosting:getIamPolicy 200
[debug] [2024-09-02T18:55:51.523Z] <<< [apiv2][body] POST https://cloudresourcemanager.googleapis.com/v1/projects/martinglopez-app-hosting:getIamPolicy {"version":1,"etag":"BwYhJ31dIas=","bindings":[{"role":"roles/cloudbuild.builds.builder","members":["serviceAccount:921045023972@cloudbuild.gserviceaccount.com"]},{"role":"roles/cloudbuild.serviceAgent","members":["serviceAccount:service-921045023972@gcp-sa-cloudbuild.iam.gserviceaccount.com"]},{"role":"roles/containerregistry.ServiceAgent","members":["serviceAccount:service-921045023972@containerregistry.iam.gserviceaccount.com"]},{"role":"roles/developerconnect.readTokenAccessor","members":["serviceAccount:firebase-app-hosting-compute@martinglopez-app-hosting.iam.gserviceaccount.com"]},{"role":"roles/editor","members":["serviceAccount:921045023972-compute@developer.gserviceaccount.com"]},{"role":"roles/firebase.managementServiceAgent","members":["serviceAccount:firebase-service-account@firebase-sa-management.iam.gserviceaccount.com","serviceAccount:service-921045023972@gcp-sa-firebase.iam.gserviceaccount.com"]},{"role":"roles/firebase.sdkAdminServiceAgent","members":["serviceAccount:firebase-adminsdk-ffzfu@martinglopez-app-hosting.iam.gserviceaccount.com","serviceAccount:firebase-app-hosting-compute@martinglopez-app-hosting.iam.gserviceaccount.com"]},{"role":"roles/firebaseapphosting.computeRunner","members":["serviceAccount:firebase-app-hosting-compute@martinglopez-app-hosting.iam.gserviceaccount.com"]},{"role":"roles/iam.serviceAccountTokenCreator","members":["serviceAccount:firebase-adminsdk-ffzfu@martinglopez-app-hosting.iam.gserviceaccount.com"]},{"role":"roles/owner","members":["user:martinglopez@google.com"]},{"role":"roles/run.serviceAgent","members":["serviceAccount:service-921045023972@serverless-robot-prod.iam.gserviceaccount.com"]},{"role":"roles/websecurityscanner.serviceAgent","members":["serviceAccount:service-921045023972@gcp-sa-websecurityscanner.iam.gserviceaccount.com"]}]}
[info] i  To create a new GitHub connection, Secret Manager Admin role (roles/secretmanager.admin) is required on the Developer Connect Service Agent. 
